# JRE version: OpenJDK Runtime Environment (12.0.1+12) (build 12.0.1+12)
# Java VM: OpenJDK 64-Bit Server VM (12.0.1+12, mixed mode, sharing, tiered, compressed oops, g1 gc, bsd-amd64)
Heap:
 garbage-first heap   total 264192K, used 158420K [0x0000000740000000, 0x0000000800000000)
  region size 1024K, 152 young (155648K), 8 survivors (8192K)
 Metaspace       used 13517K, capacity 15181K, committed 15488K, reserved 1062912K
  class space    used 1462K, capacity 1645K, committed 1664K, reserved 1048576K
GC Heap History (8 events):
Event: 0.816 GC heap before
{Heap before GC invocations=0 (full 0):
 garbage-first heap   total 264192K, used 17108K [0x0000000740000000, 0x0000000800000000)
  region size 1024K, 14 young (14336K), 0 survivors (0K)
 Metaspace       used 3453K, capacity 6851K, committed 7040K, reserved 1056768K
  class space    used 301K, capacity 620K, committed 640K, reserved 1048576K
}
Event: 0.823 GC heap after
{Heap after GC invocations=1 (full 0):
 garbage-first heap   total 264192K, used 5817K [0x0000000740000000, 0x0000000800000000)
  region size 1024K, 2 young (2048K), 2 survivors (2048K)
 Metaspace       used 3453K, capacity 6851K, committed 7040K, reserved 1056768K
  class space    used 301K, capacity 620K, committed 640K, reserved 1048576K
}
Event: 2.870 GC heap before
{Heap before GC invocations=1 (full 0):
 garbage-first heap   total 264192K, used 160441K [0x0000000740000000, 0x0000000800000000)
  region size 1024K, 153 young (156672K), 2 survivors (2048K)
 Metaspace       used 13344K, capacity 15021K, committed 15488K, reserved 1062912K
  class space    used 1445K, capacity 1613K, committed 1664K, reserved 1048576K
}
Event: 2.880 GC heap after
{Heap after GC invocations=2 (full 0):
 garbage-first heap   total 264192K, used 10134K [0x0000000740000000, 0x0000000800000000)
  region size 1024K, 7 young (7168K), 7 survivors (7168K)
 Metaspace       used 13344K, capacity 15021K, committed 15488K, reserved 1062912K
  class space    used 1445K, capacity 1613K, committed 1664K, reserved 1048576K
}
Event: 3.337 GC heap before
{Heap before GC invocations=2 (full 0):
 garbage-first heap   total 264192K, used 159638K [0x0000000740000000, 0x0000000800000000)
  region size 1024K, 153 young (156672K), 7 survivors (7168K)
 Metaspace       used 13363K, capacity 15085K, committed 15488K, reserved 1062912K
  class space    used 1448K, capacity 1613K, committed 1664K, reserved 1048576K
}
Event: 3.345 GC heap after
{Heap after GC invocations=3 (full 0):
 garbage-first heap   total 264192K, used 11547K [0x0000000740000000, 0x0000000800000000)
  region size 1024K, 8 young (8192K), 8 survivors (8192K)
 Metaspace       used 13363K, capacity 15085K, committed 15488K, reserved 1062912K
  class space    used 1448K, capacity 1613K, committed 1664K, reserved 1048576K
}
Event: 4.963 GC heap before
{Heap before GC invocations=3 (full 0):
 garbage-first heap   total 264192K, used 160027K [0x0000000740000000, 0x0000000800000000)
  region size 1024K, 153 young (156672K), 8 survivors (8192K)
 Metaspace       used 13514K, capacity 15181K, committed 15488K, reserved 1062912K
  class space    used 1461K, capacity 1645K, committed 1664K, reserved 1048576K
}
Event: 4.972 GC heap after
{Heap after GC invocations=4 (full 0):
 garbage-first heap   total 264192K, used 11988K [0x0000000740000000, 0x0000000800000000)
  region size 1024K, 8 young (8192K), 8 survivors (8192K)
 Metaspace       used 13514K, capacity 15181K, committed 15488K, reserved 1062912K
  class space    used 1461K, capacity 1645K, committed 1664K, reserved 1048576K
}

